=/pretest.json
{
  _: [],
  f: [
    '/home/runner/work/exp-stacks-queues-iiith/exp-stacks-queues-iiith/experiment/pretest.json'
  ],
  files: [
    '/home/runner/work/exp-stacks-queues-iiith/exp-stacks-queues-iiith/experiment/pretest.json'
  ],
  c: 'assessment',
  contentTypes: 'assessment',
  'content-types': 'assessment',
  '$0': 'validate'
}
Validated true
=/stacks/stacks-quiz.json
{
  _: [],
  f: [
    '/home/runner/work/exp-stacks-queues-iiith/exp-stacks-queues-iiith/experiment/stacks/stacks-quiz.json'
  ],
  files: [
    '/home/runner/work/exp-stacks-queues-iiith/exp-stacks-queues-iiith/experiment/stacks/stacks-quiz.json'
  ],
  c: 'assessment',
  contentTypes: 'assessment',
  'content-types': 'assessment',
  '$0': 'validate'
}
Validated true
=/queues/queues-quiz.json
{
  _: [],
  f: [
    '/home/runner/work/exp-stacks-queues-iiith/exp-stacks-queues-iiith/experiment/queues/queues-quiz.json'
  ],
  files: [
    '/home/runner/work/exp-stacks-queues-iiith/exp-stacks-queues-iiith/experiment/queues/queues-quiz.json'
  ],
  c: 'assessment',
  contentTypes: 'assessment',
  'content-types': 'assessment',
  '$0': 'validate'
}
Validated true
=/analysis/analysis-quiz.json
{
  _: [],
  f: [
    '/home/runner/work/exp-stacks-queues-iiith/exp-stacks-queues-iiith/experiment/analysis/analysis-quiz.json'
  ],
  files: [
    '/home/runner/work/exp-stacks-queues-iiith/exp-stacks-queues-iiith/experiment/analysis/analysis-quiz.json'
  ],
  c: 'assessment',
  contentTypes: 'assessment',
  'content-types': 'assessment',
  '$0': 'validate'
}
Validated true
=/posttest.json
{
  _: [],
  f: [
    '/home/runner/work/exp-stacks-queues-iiith/exp-stacks-queues-iiith/experiment/posttest.json'
  ],
  files: [
    '/home/runner/work/exp-stacks-queues-iiith/exp-stacks-queues-iiith/experiment/posttest.json'
  ],
  c: 'assessment',
  contentTypes: 'assessment',
  'content-types': 'assessment',
  '$0': 'validate'
}
Validated true
