code-assessment.html     http://outreach.vlabs.ac.in/
feedback.html     http://outreach.vlabs.ac.in/
further-reading-and-references.html     http://newton.uor.edu/facultyfolder/patriciacornez/cs111/quiz6.html
further-reading-and-references.html     http://outreach.vlabs.ac.in/
index.html     http://outreach.vlabs.ac.in/
overview.html     http://outreach.vlabs.ac.in/
performance-report.html     http://vlab.co.in
posttest.html     http://outreach.vlabs.ac.in/
pretest.html     http://outreach.vlabs.ac.in/
recap-arrays.html     http://outreach.vlabs.ac.in/
recap-linked-list.html     http://outreach.vlabs.ac.in/
validator-report.html     http://vlab.co.in
analysis/analysis-quiz.html     http://outreach.vlabs.ac.in/
analysis/applications-of-stacks-and-queues.html     http://outreach.vlabs.ac.in/
analysis/comparison-of-stacks-and-queues.html     http://outreach.vlabs.ac.in/
analysis/index.html     http://outreach.vlabs.ac.in/
analysis/overview.html     http://outreach.vlabs.ac.in/
queues/index.html     http://outreach.vlabs.ac.in/
queues/overview.html     http://outreach.vlabs.ac.in/
queues/queues-quiz.html     http://outreach.vlabs.ac.in/
queues/time-complexity-arrays.md.html     http://outreach.vlabs.ac.in/
stacks/index.html     http://outreach.vlabs.ac.in/
stacks/overview.html     http://outreach.vlabs.ac.in/
stacks/stacks-quiz.html     http://outreach.vlabs.ac.in/
stacks/time-complexity.html     http://outreach.vlabs.ac.in/
queues/simulation/docs/index.html     http://validator.w3.org/check?uri=referer
queues/simulation/docs/sitemap.html     http://validator.w3.org/check?uri=referer
stacks/simulation/docs/index.html     http://validator.w3.org/check?uri=referer
stacks/simulation/docs/sitemap.html     http://validator.w3.org/check?uri=referer
queues/simulation/docs/org-templates/level-0.html     http://validator.w3.org/check?uri=referer
queues/simulation/docs/org-templates/level-1.html     http://validator.w3.org/check?uri=referer
queues/simulation/docs/org-templates/level-2.html     http://validator.w3.org/check?uri=referer
queues/simulation/docs/org-templates/level-3.html     http://validator.w3.org/check?uri=referer
queues/simulation/docs/org-templates/level-4.html     http://validator.w3.org/check?uri=referer
queues/simulation/docs/org-templates/level-5.html     http://validator.w3.org/check?uri=referer
queues/simulation/docs/org-templates/tex-macros.html     http://validator.w3.org/check?uri=referer
stacks/simulation/docs/org-templates/level-0.html     http://validator.w3.org/check?uri=referer
stacks/simulation/docs/org-templates/level-1.html     http://validator.w3.org/check?uri=referer
stacks/simulation/docs/org-templates/level-2.html     http://validator.w3.org/check?uri=referer
stacks/simulation/docs/org-templates/level-3.html     http://validator.w3.org/check?uri=referer
stacks/simulation/docs/org-templates/level-4.html     http://validator.w3.org/check?uri=referer
stacks/simulation/docs/org-templates/level-5.html     http://validator.w3.org/check?uri=referer
stacks/simulation/docs/org-templates/tex-macros.html     http://validator.w3.org/check?uri=referer
queues/simulation/docs/runtime/css/style.html     http://validator.w3.org/check?uri=referer
queues/simulation/docs/runtime/html/queue-demo.html     http://validator.w3.org/check?uri=referer
queues/simulation/docs/runtime/html/queue-array.html     http://validator.w3.org/check?uri=referer
queues/simulation/docs/runtime/html/queue-exercise.html     http://validator.w3.org/check?uri=referer
queues/simulation/docs/runtime/html/queue-linkedlist.html     http://validator.w3.org/check?uri=referer
queues/simulation/docs/runtime/html/stack-array.html     http://validator.w3.org/check?uri=referer
queues/simulation/docs/runtime/html/stack-demo.html     http://validator.w3.org/check?uri=referer
queues/simulation/docs/runtime/html/stack-exercise.html     http://validator.w3.org/check?uri=referer
queues/simulation/docs/runtime/html/stack-linkedlist.html     http://validator.w3.org/check?uri=referer
queues/simulation/docs/runtime/js/queue-array.html     http://validator.w3.org/check?uri=referer
queues/simulation/docs/runtime/js/queue-demo.html     http://validator.w3.org/check?uri=referer
queues/simulation/docs/runtime/js/queue-exercise.html     http://validator.w3.org/check?uri=referer
queues/simulation/docs/runtime/js/queue-linkedlist.html     http://validator.w3.org/check?uri=referer
queues/simulation/docs/runtime/js/realization-catalog.html     http://validator.w3.org/check?uri=referer
queues/simulation/docs/runtime/js/stack-array.html     http://validator.w3.org/check?uri=referer
queues/simulation/docs/runtime/js/stack-demo.html     http://validator.w3.org/check?uri=referer
queues/simulation/docs/runtime/js/stack-exercise.html     http://validator.w3.org/check?uri=referer
queues/simulation/docs/runtime/js/stack-linkedlist.html     http://validator.w3.org/check?uri=referer
queues/simulation/docs/runtime/js/stack.html     http://validator.w3.org/check?uri=referer
queues/simulation/docs/static/img/index.html     http://validator.w3.org/check?uri=referer
stacks/simulation/docs/runtime/css/style.html     http://validator.w3.org/check?uri=referer
stacks/simulation/docs/runtime/html/queue-array.html     http://validator.w3.org/check?uri=referer
stacks/simulation/docs/runtime/html/queue-demo.html     http://validator.w3.org/check?uri=referer
stacks/simulation/docs/runtime/html/queue-exercise.html     http://validator.w3.org/check?uri=referer
stacks/simulation/docs/runtime/html/queue-linkedlist.html     http://validator.w3.org/check?uri=referer
stacks/simulation/docs/runtime/html/stack-array.html     http://validator.w3.org/check?uri=referer
stacks/simulation/docs/runtime/html/stack-demo.html     http://validator.w3.org/check?uri=referer
stacks/simulation/docs/runtime/html/stack-exercise.html     http://validator.w3.org/check?uri=referer
stacks/simulation/docs/runtime/html/stack-linkedlist.html     http://validator.w3.org/check?uri=referer
stacks/simulation/docs/runtime/js/queue-array.html     http://validator.w3.org/check?uri=referer
stacks/simulation/docs/runtime/js/queue-demo.html     http://validator.w3.org/check?uri=referer
stacks/simulation/docs/runtime/js/queue-exercise.html     http://validator.w3.org/check?uri=referer
stacks/simulation/docs/runtime/js/queue-linkedlist.html     http://validator.w3.org/check?uri=referer
stacks/simulation/docs/runtime/js/realization-catalog.html     http://validator.w3.org/check?uri=referer
stacks/simulation/docs/runtime/js/stack-array.html     http://validator.w3.org/check?uri=referer
stacks/simulation/docs/runtime/js/stack-demo.html     http://validator.w3.org/check?uri=referer
stacks/simulation/docs/runtime/js/stack-exercise.html     http://validator.w3.org/check?uri=referer
stacks/simulation/docs/runtime/js/stack.html     http://validator.w3.org/check?uri=referer
stacks/simulation/docs/runtime/js/stack-linkedlist.html     http://validator.w3.org/check?uri=referer
stacks/simulation/docs/static/img/index.html     http://validator.w3.org/check?uri=referer
